207
9732 19
23745 5122 68587 50564 34279 59657 97489 25547 27469 23923 14832 45457 21619 16150 91031 46395 30621 97694 70399
6112 19
13248 87586 86659 21317 95625 57834 78666 54018 40142 93072 96465 27539 31668 6901 47382 71160 61716 1051 95722
8408 19
23584 3312 27938 31076 63077 46750 4098 69966 13455 47632 23569 40222 22006 35896 5279 9756 37821 16222 82975
2631 20
39248 53154 30747 46628 98470 91910 28844 63405 48846 41551 65968 72913 51443 11334 72613 86463 27196 49839 95646 92325
1478 20
29280 70272 94114 89956 11030 21990 94760 29736 95287 44076 16541 99281 59763 81910 31959 88154 16091 56764 3165 40915
1764 19
77315 14379 48550 56985 13065 12587 20779 47404 21325 11406 14640 65649 65781 56758 64281 44025 56196 54107 12597
4255 20
63616 30433 49819 86820 86341 67242 36939 72649 81866 82795 4701 99761 43634 96564 26711 77860 80831 64636 86205 56287
3597 20
90342 43268 10118 95110 37962 59146 43181 40462 82493 44464 55285 15572 11413 84345 73670 30212 90138 12667 26650 76133
5294 20
22848 48322 42723 22139 35912 95852 87435 93228 98765 24523 99504 78899 48438 80627 14456 16698 93883 77661 28350 78911
1670 20
76288 9793 56610 1764 74694 51718 16775 3253 68138 63980 93037 68239 4625 3093 68278 23129 7834 2236 38845 71716
5172 20
71104 24432 70466 40985 67828 32583 22553 52269 17102 4624 57587 78612 8430 6742 51447 52564 5955 57499 45727 863
1401 20
35776 25313 10209 77727 33765 40839 59882 41249 4430 99567 89744 63603 85309 18325 32087 63672 88283 650 21662 36831
5065 19
99038 77520 20130 28614 71880 40458 62380 69453 99758 71471 75917 63892 32542 6870 311 3096 89812 9950 28703
4271 20
11583 18754 24347 16292 28379 44465 29450 1111 34348 71604 61454 54256 68113 49633 12340 48279 43577 26395 86717 20987
1542 20
37154 41059 86246 48422 57961 2698 20852 23501 53326 25437 41041 88883 32276 74937 47800 35572 43483 91068 50781 46442
9582 20
82593 80930 26027 84645 62732 75325 18295 72460 68781 57117 38096 76051 91380 65333 49047 72058 79771 71517 25539 15781
2595 20
74434 6211 37988 43589 56102 7402 85163 47277 20237 32210 65394 24051 53077 14294 21527 68600 89403 4574 99774 58789
2829 19
77091 97508 82823 91369 74154 52043 91436 96141 97725 85274 27028 85013 60182 13207 85080 56084 41562 8252 9546
6910 20
29904 84035 83844 10629 92039 24360 29866 68231 15916 79901 34096 59656 42546 74100 1461 15432 30148 72794 1819 77514
1959 20
65440 8816 79779 40740 37462 80465 33065 66986 22070 26926 15504 6488 58849 37814 78377 30360 26841 30904 92586 2558
7197 19
57825 47711 50884 37221 32052 85002 23852 17486 40527 35493 70548 60373 22905 33752 57881 79354 29183 9789 45087
5287 20
84768 28737 74627 61540 3206 7137 74984 85930 25386 27536 8987 80276 6389 78017 45300 70320 3028 10141 25182 69034
2935 19
79361 75105 7784 84668 13418 89387 14544 29005 94414 63695 89879 1992 91478 37879 34906 37916 68413 44126 34047
8696 20
38304 66416 35619 3876 44776 2284 94634 82092 45104 82577 89554 78115 5076 77630 24855 42488 86267 17085 87902 65791
7339 20
56101 95078 5671 27500 29228 72783 18156 29480 47960 28568 37395 32405 50903 53848 43162 2107 77692 32093 78398 99861
3169 20
68833 39686 91815 83548 88523 61712 55535 21488 28600 14258 51699 47381 27591 21040 45464 32833 81404 27517 97013 50325
9487 20
42850 72923 35812 32950 52169 32426 75819 32525 2958 24335 76083 62805 6038 9282 98040 30970 54543 26750 75389 64606
1598 19
57788 9729 3331 56326 51557 13254 64519 11831 38763 17390 34493 81280 10902 11607 38745 79514 76495 93254 30557
9692 17
95232 59362 38246 89000 44492 53196 17138 4046 6893 94674 45235 70740 10196 90107 49181 12574 991
9806 20
63040 17347 90405 66792 5897 91531 27565 25166 5999 26491 75753 66069 23799 49240 7833 3034 32539 48636 51194 45685
7901 19
72008 57830 88339 83308 58602 29644 80845 57998 16893 2992 51089 99186 29395 18318 46423 88594 10970 83517 26579
7815 19
56576 6691 47844 5927 35113 82861 99502 21168 43089 65395 69558 79735 13176 90719 9755 48124 83165 90067 29279
1424 19
88912 37377 35687 76808 88092 75658 503 74316 70030 60367 18512 82775 75603 43196 88949 5751 32595 62620 78366
3177 20
41280 61995 8418 11779 95748 77499 70659 3463 53291 95194 20571 42259 36917 3862 22071 47795 6937 87898 35387 72611
3454 19
65984 4898 32422 61351 19304 98346 34871 65778 65309 68136 65362 19732 55062 79703 31384 7321 84783 9148 52330
2493 20
95617 32355 42085 58246 43399 76814 8519 40108 39918 33551 63953 48818 83473 74389 57871 33432 4729 79579 35806 15829
9294 20
42080 68640 87581 42870 57295 72711 747 57516 23597 16973 33522 97076 37909 96726 59429 89243 37479 48181 54341 7009
1750 20
84480 10305 54370 68603 91749 64392 91723 68908 80077 97517 74833 41618 44587 62902 7149 11023 3419 70715 28733 18814
2643 20
48641 47714 60587 92516 60965 88998 27112 55530 47531 16944 19499 46099 14964 72542 92984 38170 571 72861 31813 70175
8407 17
58976 29682 71975 61032 553 1674 53003 71533 35536 43528 24530 73812 90837 32342 36215 13322 49023
4630 20
82768 94786 66660 29479 91356 67946 28823 84525 84719 368 72945 79817 57171 7177 54033 43959 48216 47610 69243 7100
904 17
53568 37057 16486 31208 90569 28012 7538 1135 44808 64466 97527 24713 62617 71323 86297 26397 96928
3120 20
85769 81665 82105 89957 807 3756 41195 70284 75149 92494 63599 86000 45779 95577 72215 54200 80761 16260 99902 74725
2644 20
45568 57696 84739 8260 45494 4356 6193 25096 27945 86827 53516 86734 91944 21544 35476 76246 25465 35291 43777 45285
661 20
50977 9112 66405 49350 77606 15297 48941 87312 86001 32402 55860 25973 83190 44823 41272 5110 46618 31489 26557 15973
2995 18
74081 21413 9318 5441 84242 43436 57138 30414 34544 63121 52146 18246 5274 52134 19577 30202 19261 1247
4401 17
8449 96546 66987 10694 91057 92631 2498 176 89240 55061 40054 13369 53624 90009 27963 55517 12535
7358 20
6016 88944 8226 46203 65508 36550 81543 81897 34122 51487 67570 65619 63957 46729 30585 45114 34271 47834 41726 59605
1133 20
80544 67618 41188 89093 22869 6023 24559 23940 84375 87020 21741 20269 50898 35861 41625 20708 28103 4635 48670 23045
8046 20
19009 13731 51652 67877 47686 70753 35624 1801 80588 53710 93679 59572 70965 9462 16932 23451 53756 52846 48638 89532
2560 19
61536 47585 54891 30532 90653 57157 12033 23625 9355 87694 3919 36243 53012 34286 46678 47035 50332 42077 98687
3928 20
76960 99984 20790 67684 32229 81414 98055 88388 15018 36372 1040 49155 94388 30902 45529 75480 79929 41979 27612 11109
5763 20
68800 63137 59364 76502 69478 25576 26444 71306 78572 94605 37166 53009 86642 66230 24823 59160 95236 75194 53371 66108
1364 20
46785 78179 18075 61473 22118 9703 5480 43337 7442 95115 6637 67215 53457 36175 31631 83629 16602 50191 35016 13278
9029 19
63312 93249 9474 87109 76134 26710 15784 8174 54927 73968 90513 15282 14741 21238 67865 67385 86492 15325 16128
5621 19
80098 78307 94534 7845 14822 52140 12746 32620 56717 45934 59919 34928 91081 28194 27127 3209 4633 19098 60026
4139 19
31040 49140 54109 58217 42697 88407 22546 98735 31160 66706 17427 4532 37278 30583 99384 81556 56378 15677 29502
1606 19
81083 89988 22806 5223 95307 87052 92791 14572 70957 60313 93400 73298 70198 16695 70712 74681 443 82204 81745
3015 20
18432 60802 32227 34244 45093 55366 4840 57506 12014 61320 45619 50932 56574 84758 34807 44696 10788 62459 94206 59103
1949 20
24096 1416 2883 63589 99686 77607 29512 41367 52845 46254 98832 71256 99572 96757 82966 7767 18968 75188 5658 21318
4188 20
61376 94512 55107 53254 98086 3949 48855 4685 61295 9776 9443 65716 95029 24790 78967 42996 49469 40737 74653 78816
6727 19
89985 33345 35650 20419 99493 89031 169 751 9678 68367 99419 27475 53500 9975 71129 46683 33423 3037 62815
5311 19
85283 71301 81510 82953 47594 26765 73422 31674 41168 40337 88308 37385 76763 75001 56186 27 5980 52285 66267
4513 20
60769 38979 22984 88072 11304 63081 38189 38479 40848 5672 47890 60048 28662 71928 4090 49050 48415 77628 85018 52031
251 20
42849 88034 2436 80354 28038 96369 49704 43465 6156 56930 51726 16364 41394 68948 36245 36247 30980 42139 380 30613
9530 19
94433 91234 72234 8645 3782 78919 27657 65930 70247 84206 83438 71665 5518 30646 71577 46332 59229 18334 3263
5073 19
1600 21584 68016 86595 61732 92389 36875 10573 73007 54000 40888 41490 1651 30100 46035 45208 48921 70780 17662
3340 18
96673 34884 31484 33191 82696 77225 37866 89643 46621 8177 1489 66710 76201 45755 23964 7453 64382 54815
9717 20
31011 53060 24005 81030 71094 80746 17131 54700 80175 17668 8818 49619 85268 83029 36358 89528 87353 10492 31613 34430
9619 19
97570 53603 16869 93670 4945 89384 41545 8715 33053 74864 71889 67923 59750 94054 66905 81817 63514 22074 99231
9242 19
29313 52262 37862 42919 31590 54825 49420 37102 26479 33400 6430 78355 1941 3638 89260 74072 86748 21470 10725
4275 20
39744 80800 47970 21220 63686 86342 46631 93416 32042 86091 99148 71821 92110 70417 4338 95189 2809 60857 80892 98905
9805 20
30299 3203 25462 54566 23730 69928 82251 205 64975 55021 30928 85938 77204 63350 53462 57977 20438 60084 61658 34639
2611 19
46689 35787 55573 85641 97483 75980 20784 70329 30014 2252 57813 71017 52184 72537 29626 20379 2013 29310 42207
7219 17
46688 99905 52610 80035 95844 76261 65577 83244 8046 30095 79025 10771 6933 56374 10232 61498 81402
5928 20
89184 92971 98020 6437 16327 73704 89660 71629 30727 9901 70381 6800 93169 48786 58003 42070 2104 58680 46283 82890
6008 20
29920 60417 5250 87851 29348 34661 84551 54791 45867 49132 43410 80558 24401 11410 65795 14507 96729 36282 79165 34879
8385 19
41505 12131 50374 47878 8231 10972 17066 99595 69228 74830 62862 22621 75733 44086 42967 48764 88746 98942 42303
2054 20
44097 64706 59767 80293 38213 6185 78287 91659 64013 1710 45711 93387 27668 15150 78222 85047 2201 57039 92636 94677
5057 18
52320 92737 35107 56288 69573 37004 56493 54671 26128 20724 30101 27927 10394 37723 91836 27485 98302 51615
5006 19
6050 64415 12938 91079 54408 21514 57867 54828 25614 53649 46101 39830 35815 95257 50106 30427 68314 76702 18289
349 20
55168 71808 10212 93253 73350 64201 45706 18167 56492 83215 87536 97265 49971 20469 17897 59352 39545 92378 34171 99807
6134 20
14464 58272 84770 3 72197 21341 93362 46847 54442 88845 15983 53746 83989 59575 17304 16441 15130 20223 8314 28511
976 20
1581 79713 84408 96395 2565 84913 7768 92649 61575 25452 78129 70061 89648 69105 20915 40726 27399 3485 3121 61758
8834 20
73288 69488 33122 27208 15140 29971 47536 24810 32461 27790 20112 57592 17043 94166 28952 26969 80124 66250 47838 94079
1537 20
86409 37321 91907 17099 61374 97801 12074 87307 72268 54007 2729 6451 48693 42729 10681 69114 33275 83836 77438 74527
9937 20
66338 93635 73695 65351 27017 8300 19533 23664 93171 64210 86547 71638 80087 67641 33274 55483 80626 16797 93406 32255
417 20
66048 10368 42052 1989 47041 96586 53611 94957 93582 95889 35858 275 23860 67351 54617 24763 15324 60189 6910 99685
4433 20
94976 12864 51203 66372 23365 64294 53097 68362 38711 46541 10802 27731 84020 54230 63561 19352 29276 43036 51197 66206
6193 20
35872 91125 46958 39912 8650 99532 36402 3566 81647 9104 5896 60882 48885 90838 75383 86553 6591 80380 14845 30943
6832 19
83082 20256 39171 25364 59365 44438 935 96968 72490 65767 86543 80719 17907 26356 99670 91032 22132 25371 18282
7218 20
53763 46565 67526 10604 91340 17868 49821 51664 45458 75619 68180 7404 41014 9385 21624 42873 32922 58235 88476 19101
7834 19
35584 43920 7810 66811 54148 46790 28688 49481 8043 58700 5965 63472 15667 17644 51735 42104 34715 60732 19199
5053 19
37442 59427 45636 93125 97862 25989 11913 63193 39551 47759 59378 25811 10965 97335 73720 19673 93391 56682 95967
5337 19
672 21581 64741 25542 24497 76649 62762 91595 39789 78638 34927 85424 64465 44852 89207 73977 89116 83241 35646
6247 19
68930 17357 87397 52998 57766 82602 87127 13773 97839 80219 43826 1267 16436 84919 1016 9586 39781 23903 93861
2929 17
35499 87204 30469 54481 136 27465 43243 46862 44911 70385 27023 38518 21993 58328 38703 91547 81535
9647 19
20992 25514 46419 35547 3723 24037 93830 15121 36874 14951 6639 29392 69201 36307 77077 95318 22523 25354 47109
8301 20
91618 59243 56580 80421 77553 60520 86813 33035 68204 79564 23887 42833 73315 94550 79257 25209 44378 77403 8668 93091
2442 20
62385 25730 72868 96549 73543 16842 58775 98604 48399 16400 99505 31444 48981 48214 84503 27609 9663 69852 40660 4533
6017 19
23138 90235 27909 76518 13927 90217 97607 908 96869 76080 99079 24947 36596 47062 80407 44017 46107 99549 81823
4413 20
49728 46770 57058 37650 68090 14730 84151 20941 91694 18639 3122 7762 66666 32534 10327 20025 28378 59260 86589 7199
5239 20
98401 77922 60165 32705 93034 72887 20909 99630 77807 31060 84030 96215 40472 78457 84346 85295 48604 84253 77815 60645
2468 19
92160 59586 97638 55111 64188 44075 67246 4270 58641 76499 75860 48757 22455 6745 82367 71515 15132 50910 58943
2664 19
84514 91693 47589 73448 47150 73485 65434 96111 30059 39531 54995 80596 69525 57718 57976 70202 60287 52093 31295
2384 19
92352 75040 28226 44035 74373 47168 66377 40138 34763 84077 89392 32593 6258 40514 65527 15032 52570 72828 83871
6836 20
35649 9803 43972 46021 13539 44567 8810 2475 76334 43887 47880 20434 60963 73748 11927 34777 7098 39964 16538 63685
1561 18
90433 87458 58267 71237 16710 27889 53032 18027 37612 5669 37006 16984 25619 30326 9880 92091 92126 38789
7541 18
67202 86275 19940 52966 90316 36106 83095 5324 20145 89555 9812 93685 11479 39512 36777 83579 38348 13215
8472 20
1120 27105 52642 46723 31206 88166 40905 99210 74540 71149 42765 42883 78122 15709 96439 96632 37818 87231 47754 28863
2830 19
2816 27169 22923 81508 93477 65030 11521 85802 2023 74125 3571 69904 62515 24754 73779 43765 50999 52506 66058
7389 18
96539 19237 55750 73191 23459 43180 6141 77292 28797 50251 57523 88532 7893 18996 52922 24479 8061 65733
9269 20
96352 26592 19235 86757 17441 59944 9353 26347 57458 29253 16975 76753 20210 37052 93686 95977 23128 22497 23676 50815
8736 20
33504 8865 51427 85576 33706 66827 25964 21646 69455 38512 60008 49650 11859 80692 24446 94262 5591 16084 350 90079
8750 18
7264 51553 44610 34853 92134 88161 22364 49185 31847 38092 32270 83312 58401 9468 87766 74777 62683 56668
19 20
84320 57153 2596 31923 59697 33832 10987 77516 289 34109 41297 45938 53043 50289 84845 15417 62074 54031 53181 82303
7988 19
11809 29220 77953 99652 73737 60842 73639 56908 78125 56061 54800 74963 52276 6005 92503 38340 99324 71914 50143
8839 19
4964 62467 61444 48420 93992 25692 17418 79479 73517 81713 13780 76776 15830 30601 80409 24954 11548 25978 66404
7484 20
35042 74915 97413 33011 24604 33899 94567 51693 62288 1233 83090 499 6999 13048 27513 68859 30428 89053 31262 80159
5469 18
6240 34624 71779 66309 41959 5116 90219 53581 94990 71115 81175 95665 24373 65340 28439 80793 66396 61342
6185 19
50605 47875 39140 92901 81670 80553 10957 43886 75533 49168 13777 4259 85140 1550 88182 64503 26521 94908 53631
7287 18
53773 67875 35972 51665 75752 9724 31373 12943 31985 35538 56179 84244 70999 47716 73935 91452 18785 41289
7709 19
80735 28069 58854 88615 53259 78733 23021 70512 6194 24499 71892 56021 17174 91415 9816 37972 99195 67654 69407
7072 19
95521 80706 23190 14344 52746 3659 17708 72820 96718 60880 26289 73842 97556 39286 95736 96889 28666 23931 90714
1465 20
96 30721 33539 38758 44199 6159 50666 81711 29361 82355 71796 10613 7543 78843 18009 74811 19036 45149 52286 90912
2922 20
40862 75524 42405 9446 72305 30076 32682 62828 51794 16526 19408 33208 87058 45653 76311 33656 88220 72829 26814 53663
9618 19
62320 8646 98375 25482 4238 44304 59376 62769 82354 69299 89076 33397 22615 94777 2458 50619 84855 98974 9983
8922 20
77920 50624 67842 81571 84996 18982 42017 39595 96594 65981 20304 54162 21587 66324 85397 44118 3565 65273 89647 41981
9836 20
54368 34747 63244 37094 86374 65991 85288 92220 78858 32683 10156 72558 15151 93608 49563 32046 79991 46523 64956 84746
1262 19
37217 60418 76659 4865 52936 15082 12010 81930 97293 28974 93039 99440 89874 91379 91993 89597 59548 21917 63823
5280 19
24160 18672 23202 40099 13124 25926 54599 74762 85419 33324 7245 59088 85492 79446 82615 43188 40635 20382 61687
8884 18
42053 68993 20310 55880 59177 12151 6991 22326 63572 94654 90230 36919 82713 67226 26684 11645 3550 96767
972 20
67061 2497 17859 47495 22442 60423 41005 90445 43377 27474 35199 55508 2389 23737 16153 67802 71103 54586 15185 42783
875 18
31777 66502 83367 69768 25801 24063 23244 19725 16430 50280 45012 58702 7369 1076 76351 34973 18696 22879
9636 19
27211 81091 26596 11817 7273 97065 14039 13836 4076 94382 52435 85429 45399 77358 8473 22875 66300 3261 74739
1215 19
28288 11905 31267 38052 51428 92420 93761 67496 76553 4878 72463 66450 78323 38005 3191 32697 87296 72157 74238
7380 20
35840 86337 87971 77412 90981 60646 91080 38921 60172 20947 28082 93267 64757 49526 31465 37914 12342 82460 86398 2230
5639 20
47904 18113 10915 3492 24597 34598 5820 93994 80119 36910 54255 48368 6993 37394 56052 98037 9399 40505 83004 35423
2596 18
85984 8770 99555 92388 27542 99463 89768 13673 81132 76435 61967 62448 39432 77235 27348 7317 34838 55132
9985 19
352 46976 5474 71651 81477 18118 4521 43277 13262 39791 31641 95315 86708 35989 44342 27065 57997 81469 94829
333 20
83552 77281 56452 22979 54340 43130 65703 26728 28898 42018 2253 66274 629 14167 56312 98009 85210 66077 16094 17375
9277 19
61344 82049 8730 71851 75269 32901 76296 69537 16941 1677 98478 24431 95698 4990 26618 1404 52765 17950 85535
6468 20
33024 3664 39842 81275 29476 93445 60710 68680 5418 52653 45359 84678 85490 38772 70998 6743 12308 43956 2730 15038
1586 18
9184 72033 81029 99143 37911 79629 59150 5425 30002 64819 42446 46358 6839 98168 75129 91872 70460 45853
3445 20
81792 86625 4035 64997 33382 42696 54121 66283 67596 61680 37423 85296 34801 38675 96884 27253 44515 21852 51247 4892
2666 17
4386 33667 60452 76598 26796 55114 25484 18220 53405 78768 88819 24085 95190 29143 77976 15898 86730
6258 20
86338 52036 91261 61990 4743 78186 99517 64880 89297 79538 56382 18166 2681 6905 1626 18399 49500 80381 39742 40405
1692 19
36480 68516 44581 45606 12711 3721 1643 93036 13679 56466 97683 87509 26326 17111 19384 75801 56858 93935 51199
6715 18
26822 92033 1147 94724 35878 49510 34769 96008 3598 70288 9544 95314 68116 21077 75926 67956 98111 69349
1725 19
74978 47814 21222 23399 75688 64105 83499 72812 37583 58216 51028 96309 83255 73196 11418 98779 47773 19198 20639
7793 19
76578 19140 85846 94310 20711 72328 74441 72487 71042 64014 58735 32914 18067 31285 73878 61304 32793 45180 76605
7050 20
66657 54619 53270 84806 39815 35575 6540 40683 57452 13613 37230 63853 45019 37315 21397 11958 34199 85014 79055 41269
9359 19
35104 89808 34050 64099 81348 25878 16230 68912 76616 72169 73996 3917 82061 8847 63696 13330 27446 50397 1087
8405 20
55744 94531 23404 15557 75782 17767 8937 4455 27052 54822 35887 29265 86386 70616 85493 11318 62327 14680 21434 2869
9847 20
53569 76930 49572 34886 40102 42249 83562 31148 81346 67470 25360 37905 85170 11764 98774 83320 86436 90236 96190 51583
9060 19
32288 2832 28418 82115 15588 49125 58438 91847 85768 51498 30539 21954 3631 75184 17460 47744 78524 39421 73534
6350 20
90683 12098 95651 77825 29478 95079 29897 80162 88930 51631 85008 48297 28244 81013 91017 13595 22137 91967 93115 74719
9695 18
17474 7619 90790 21064 29084 84490 45783 41934 47087 20718 65462 27191 15416 35482 74651 93660 24698 53855
6408 20
35842 28955 7013 45766 72073 26662 75512 68047 96625 95538 97811 67157 88726 20727 96312 1689 71706 89199 93948 75829
9980 19
95073 13131 65284 67749 678 64647 71117 26187 7725 90109 76719 65687 18809 93626 27823 54620 29629 75845 62181
165 19
37089 6338 28355 81958 76135 78600 77356 71402 57068 91426 33518 29967 51720 77458 78531 56855 70232 88798 82111
532 18
86400 79778 55620 83846 75534 50729 78986 22798 28371 91636 40565 67734 9513 4761 41915 89500 44285 92286
9221 19
83297 24514 76388 29873 26344 88738 88825 86722 93774 67088 19985 84026 57012 52725 70487 90500 74554 25306 8245
8531 20
51681 18210 76901 65222 45256 95539 1931 36364 30210 29678 98543 87376 36051 47191 64312 31881 179 81979 52444 63130
6550 19
65313 33058 10051 49892 57286 97857 11530 57527 80912 97138 85050 35700 7958 12759 94970 31067 16395 93066 63103
6588 20
82960 7618 1988 98341 50826 49067 38766 2159 42352 19537 88210 37636 75758 48982 47631 50809 75995 60125 36766 66794
3301 20
96993 8738 40547 19556 1990 19561 2972 35755 31788 92476 71697 89106 4947 25109 4023 87044 16442 17449 38908 70229
2253 20
16480 71521 43078 225 73192 16297 37203 97419 47500 55119 92577 89202 25107 15369 77523 96855 15113 40755 89178 41436
415 20
5888 16613 14555 27588 51525 32142 81386 33165 51182 61405 20048 35379 23893 89686 54775 31832 38207 48942 35870 4159
5036 19
85664 52674 18083 29604 53126 77929 13644 35359 45519 46328 40914 579 13524 30645 39032 92696 9900 58639 39903
1065 19
36080 76483 50281 91882 28543 9836 93966 33295 56400 78289 39346 88148 59899 9015 87160 54970 77947 95946 73016
4172 20
34144 24224 37227 81230 1809 61291 25870 11279 93456 89841 73170 76947 24564 76277 95094 375 64796 87093 9431 67135
243 20
34016 33857 81411 22596 66764 8039 28617 19979 25516 27509 4157 43824 90322 3667 48340 40821 91767 67052 85694 14463
3240 19
70624 95905 31503 59117 58788 40965 88967 24970 3239 60493 75140 12530 31252 66073 28472 48404 63771 2140 41151
6718 20
6306 76171 84004 1672 73545 45002 65227 5870 11486 46024 48788 14462 22505 49208 25050 38427 90812 86973 90174 21013
6688 20
81121 31499 91570 36135 61095 91244 90381 79150 92751 83085 55025 22578 31119 64789 49367 82872 94490 9103 31997 89247
5883 18
4846 7641 97060 46693 16870 30065 64138 31854 39790 85585 43798 36814 87478 83191 84184 68537 52764 5749
1946 19
93984 37602 81283 16007 18216 94057 43211 45740 61933 39379 94673 59859 6934 70889 72024 70491 34940 26043 5055
3313 19
15393 76838 54001 55400 27145 78315 86764 15087 16056 29810 13500 12670 21240 27001 97791 29372 39101 61534 69247
1418 20
84881 80455 20226 16675 55364 40677 48647 76713 41546 70987 49730 37168 76551 56241 5959 45974 56066 90864 36158 26719
8964 20
88448 35362 64755 17605 31142 80145 83880 9673 97490 93683 80136 76338 58163 43860 53561 4600 9849 75538 15675 96959
4024 19
7872 56000 96867 74278 47185 71113 70994 40333 67597 25713 85138 61395 97843 67415 88984 62073 56147 74750 71537
2392 19
49985 24706 13110 45798 60584 19690 62322 27503 42608 5874 50451 49173 38070 20247 48016 95757 9482 61950 61279
4040 20
14432 89659 67458 66779 99214 82759 52041 12231 34899 96219 26095 98640 45873 8867 11924 22430 30424 63898 21499 65694
6937 20
44769 15426 63659 36164 64550 90470 26012 96138 60107 80846 97743 20272 6552 33859 62072 89923 47247 85692 62652 2814
2495 20
66336 22049 4707 65060 98988 26985 45994 86359 68844 92082 76494 65423 14896 48434 86643 27764 75157 36009 1722 47549
6236 20
72514 31748 88550 46152 74537 23755 43916 89773 95663 6736 26472 49075 85494 37495 89336 67257 21997 71100 89011 97316
2708 20
64931 74184 46311 96552 83932 43114 57484 37677 73774 75651 28024 39506 58419 34517 82422 96343 14008 56282 14779 42940
5371 20
19200 70107 13317 92326 67048 88714 49611 27757 30254 62941 36848 17832 76146 59805 148 44981 92824 16987 6973 64207
1841 20
21689 2761 57389 99961 3036 8138 89534 92269 66478 37199 47022 10323 31189 9497 90937 6586 76892 84061 95102 77503
7485 20
11459 92488 23497 17261 12622 74992 78824 66322 36115 62708 71957 24630 75863 93074 1530 45375 97948 83709 91006 26815
1356 20
74656 40507 89796 73445 61543 49706 15920 83283 56979 74453 1718 13975 98328 63860 57786 77787 70779 7850 52190 66975
8903 20
18017 36675 32021 57029 23782 68033 97548 78859 85260 41038 97455 27919 15826 99759 34201 2106 25647 72762 89694 57343
1071 20
71649 24067 18563 95206 6887 15724 69803 6476 58381 72878 40591 93264 54740 32627 95444 51129 63642 95131 37300 16958
6370 20
43840 3501 84683 25601 33734 60385 40362 427 34253 93870 32239 18097 94898 32566 46583 91160 93433 37690 48312 88380
5628 18
70848 77697 50978 65347 49668 70865 19434 20184 2466 62968 98738 42200 37945 56090 60959 93725 42494 65848
7637 19
64449 63042 28763 81221 13345 48679 55467 44301 97166 14319 11312 8429 72436 63221 76630 3599 90300 57007 81661
1708 19
63266 67395 35718 47750 13969 5363 55210 85474 97263 16336 93112 73555 79508 30200 30138 45679 30026 42746 7109
6217 19
26532 31558 45158 42311 76904 39143 48716 3693 85806 69296 11473 67029 24966 35640 94618 12635 21660 13626 23486
6132 20
99616 78304 86473 31414 24486 7367 53964 72999 35404 26482 70159 31537 82418 51697 22965 98166 49399 3129 91995 70814
3050 15
77035 20139 17096 69020 55851 57053 41617 7507 20053 89911 80440 14042 63291 50044 31709
1008 18
27777 2818 13092 84098 65480 49419 46188 95842 27054 52669 57938 78515 51508 56557 31576 16964 78428 96445
4871 20
79041 58146 18945 17164 52743 83073 98377 55914 12492 2030 29616 68337 17652 50357 42134 11543 920 66996 72701 10014
1379 19
79392 29568 30402 6759 99303 18061 33885 70157 5584 94194 40691 26558 98744 54450 91675 35731 13597 50974 50975
7533 19
43745 70435 49380 46742 45926 61163 22825 43403 69426 52024 54296 95154 52756 20309 50358 37097 32632 87845 12511
1766 19
67168 79777 77826 75696 6660 12421 61094 72289 13224 24458 50775 93776 554 74387 75892 52409 81273 53596 69757
7984 19
78896 44930 96995 40900 6981 97991 56008 91557 7690 27980 38861 57104 88120 98660 83098 55615 59248 60574 57279
